\BOOKMARK [1][-]{section.1}{\376\377\000A\000b\000o\000u\000t}{}% 1
\BOOKMARK [1][-]{section.2}{\376\377\000S\000i\000n\000g\000l\000y\000\040\000L\000i\000n\000k\000e\000d\000\040\000L\000i\000s\000t}{}% 2
\BOOKMARK [2][-]{subsection.2.1}{\376\377\000C\000r\000e\000a\000t\000e\000\040\000a\000\040\000n\000e\000w\000\040\000n\000o\000d\000e}{section.2}% 3
\BOOKMARK [2][-]{subsection.2.2}{\376\377\000C\000r\000e\000a\000t\000e\000\040\000a\000\040\000n\000e\000w\000\040\000l\000i\000s\000t\000\040\000w\000i\000t\000h\000\040\000a\000\040\000g\000i\000v\000e\000n\000\040\000n\000o\000d\000e}{section.2}% 4
\BOOKMARK [2][-]{subsection.2.3}{\376\377\000I\000n\000s\000e\000r\000t\000\040\000a\000\040\000n\000o\000d\000e\000\040\000w\000i\000t\000h\000\040\000a\000\040\000g\000i\000v\000e\000n\000\040\000k\000e\000y\000\040\000a\000t\000\040\000t\000h\000e\000\040\000f\000r\000o\000n\000t}{section.2}% 5
\BOOKMARK [2][-]{subsection.2.4}{\376\377\000I\000n\000s\000e\000r\000t\000\040\000a\000\040\000n\000o\000d\000e\000\040\000w\000i\000t\000h\000\040\000a\000\040\000g\000i\000v\000e\000n\000\040\000k\000e\000y\000\040\000t\000o\000\040\000t\000h\000e\000\040\000b\000a\000c\000k}{section.2}% 6
\BOOKMARK [2][-]{subsection.2.5}{\376\377\000R\000e\000m\000o\000v\000e\000\040\000t\000h\000e\000\040\000f\000i\000r\000s\000t\000\040\000n\000o\000d\000e}{section.2}% 7
\BOOKMARK [2][-]{subsection.2.6}{\376\377\000R\000e\000m\000o\000v\000e\000\040\000t\000h\000e\000\040\000l\000a\000s\000t\000\040\000n\000o\000d\000e}{section.2}% 8
\BOOKMARK [2][-]{subsection.2.7}{\376\377\000R\000e\000m\000o\000v\000e\000\040\000a\000l\000l\000\040\000n\000o\000d\000e\000s\000\040\000w\000i\000t\000h\000o\000u\000t\000\040\000d\000e\000s\000t\000r\000o\000y\000i\000n\000g\000\040\000t\000h\000e\000\040\000l\000i\000s\000t}{section.2}% 9
\BOOKMARK [2][-]{subsection.2.8}{\376\377\000R\000e\000m\000o\000v\000e\000\040\000t\000h\000e\000\040\000p\000r\000e\000v\000i\000o\000u\000s\000\040\000n\000o\000d\000e\000\040\000o\000f\000\040\000t\000h\000e\000\040\000n\000o\000d\000e\000\040\000w\000i\000t\000h\000\040\000g\000i\000v\000e\000n\000\040\000k\000e\000y}{section.2}% 10
\BOOKMARK [2][-]{subsection.2.9}{\376\377\000R\000e\000m\000o\000v\000e\000\040\000t\000h\000e\000\040\000n\000e\000x\000t\000\040\000n\000o\000d\000e\000\040\000o\000f\000\040\000t\000h\000e\000\040\000n\000o\000d\000e\000\040\000w\000i\000t\000h\000\040\000g\000i\000v\000e\000n\000\040\000k\000e\000y}{section.2}% 11
\BOOKMARK [2][-]{subsection.2.10}{\376\377\000A\000d\000d\000\040\000a\000\040\000n\000o\000d\000e\000\040\000a\000t\000\040\000a\000\040\000g\000i\000v\000e\000n\000\040\000p\000o\000s\000i\000t\000i\000o\000n}{section.2}% 12
\BOOKMARK [2][-]{subsection.2.11}{\376\377\000R\000e\000m\000o\000v\000e\000\040\000a\000\040\000n\000o\000d\000e\000\040\000a\000t\000\040\000a\000\040\000g\000i\000v\000e\000n\000\040\000p\000o\000s\000i\000t\000i\000o\000n}{section.2}% 13
\BOOKMARK [2][-]{subsection.2.12}{\376\377\000A\000d\000d\000\040\000a\000\040\000n\000o\000d\000e\000\040\000b\000e\000f\000o\000r\000e\000\040\000t\000h\000e\000\040\000n\000o\000d\000e\000\040\000w\000i\000t\000h\000\040\000g\000i\000v\000e\000n\000\040\000k\000e\000y}{section.2}% 14
\BOOKMARK [2][-]{subsection.2.13}{\376\377\000A\000d\000d\000\040\000a\000\040\000n\000o\000d\000e\000\040\000a\000f\000t\000e\000r\000\040\000t\000h\000e\000\040\000n\000o\000d\000e\000\040\000w\000i\000t\000h\000\040\000g\000i\000v\000e\000n\000\040\000k\000e\000y}{section.2}% 15
\BOOKMARK [2][-]{subsection.2.14}{\376\377\000P\000r\000i\000n\000t\000\040\000a\000l\000l\000\040\000n\000o\000d\000e\000s\000\040\000i\000n\000\040\000a\000\040\000l\000i\000s\000t}{section.2}% 16
\BOOKMARK [2][-]{subsection.2.15}{\376\377\000C\000o\000u\000n\000t\000\040\000t\000h\000e\000\040\000n\000u\000m\000b\000e\000r\000\040\000o\000f\000\040\000n\000o\000d\000e\000s\000\040\000i\000n\000\040\000a\000\040\000l\000i\000s\000t}{section.2}% 17
\BOOKMARK [2][-]{subsection.2.16}{\376\377\000R\000e\000v\000e\000r\000s\000e\000\040\000a\000\040\000l\000i\000s\000t\000\040\000b\000y\000\040\000c\000r\000e\000a\000t\000i\000n\000g\000\040\000a\000\040\000n\000e\000w\000\040\000l\000i\000s\000t}{section.2}% 18
\BOOKMARK [2][-]{subsection.2.17}{\376\377\000R\000e\000m\000o\000v\000e\000\040\000a\000l\000l\000\040\000d\000u\000p\000l\000i\000c\000a\000t\000e\000\040\000n\000o\000d\000e\000s\000\040\000s\000o\000\040\000e\000a\000c\000h\000\040\000n\000o\000d\000e\000\040\000i\000n\000\040\000t\000h\000e\000\040\000l\000i\000s\000t\000\040\000i\000s\000\040\000u\000n\000i\000q\000u\000e}{section.2}% 19
\BOOKMARK [2][-]{subsection.2.18}{\376\377\000R\000e\000m\000o\000v\000e\000\040\000a\000l\000l\000\040\000n\000o\000d\000e\000s\000\040\000w\000i\000t\000h\000\040\000a\000\040\000g\000i\000v\000e\000n\000\040\000k\000e\000y}{section.2}% 20
\BOOKMARK [1][-]{section.3}{\376\377\000D\000o\000u\000b\000l\000y\000\040\000L\000i\000n\000k\000e\000d\000\040\000L\000i\000s\000t}{}% 21
